Arguments: 
  /Users/foxnick/.nvm/versions/node/v16.16.0/bin/node /Users/foxnick/.nvm/versions/node/v16.16.0/bin/yarn add @types/egg

PATH: 
  /Users/foxnick/.nvm/versions/node/v16.16.0/bin:/usr/local/bin:/usr/bin:/bin:/usr/sbin:/sbin:/Users/foxnick/.nvm/versions/node/v16.16.0/bin

Yarn version: 
  1.22.19

Node version: 
  16.16.0

Platform: 
  darwin x64

Trace: 
  Error: http://npmjs.ezrpro.in/@types%2fegg: no such package available
      at Request.params.callback [as _callback] (/Users/foxnick/.nvm/versions/node/v16.16.0/lib/node_modules/yarn/lib/cli.js:66145:18)
      at Request.self.callback (/Users/foxnick/.nvm/versions/node/v16.16.0/lib/node_modules/yarn/lib/cli.js:140890:22)
      at Request.emit (node:events:527:28)
      at Request.<anonymous> (/Users/foxnick/.nvm/versions/node/v16.16.0/lib/node_modules/yarn/lib/cli.js:141862:10)
      at Request.emit (node:events:527:28)
      at IncomingMessage.<anonymous> (/Users/foxnick/.nvm/versions/node/v16.16.0/lib/node_modules/yarn/lib/cli.js:141784:12)
      at Object.onceWrapper (node:events:641:28)
      at IncomingMessage.emit (node:events:539:35)
      at endReadableNT (node:internal/streams/readable:1345:12)
      at processTicksAndRejections (node:internal/process/task_queues:83:21)

npm manifest: 
  {
    "name": "learn-eggjs",
    "version": "1.0.0",
    "description": "",
    "main": "index.js",
    "scripts": {
      "dev": "egg-bin dev"
    },
    "keywords": [],
    "author": "",
    "license": "ISC",
    "dependencies": {
      "egg": "^3.11.1"
    },
    "devDependencies": {
      "egg-bin": "^5.10.0"
    }
  }

yarn manifest: 
  No manifest

Lockfile: 
  No lockfile
